<?xml version="1.0" encoding="UTF-8"?>
<testsuite name="com.example.OrderServiceTest" tests="4" skipped="0" failures="0" errors="0" timestamp="2025-04-19T05:29:31" hostname="minjaeui-MacBookAir.local" time="0.187">
  <properties/>
  <testcase name="주문 부분 취소 테스트" classname="com.example.OrderServiceTest" time="0.175"/>
  <testcase name="재고 확인 테스트" classname="com.example.OrderServiceTest" time="0.004"/>
  <testcase name="주문 요청 테스트" classname="com.example.OrderServiceTest" time="0.002"/>
  <testcase name="주문 취소 테스트" classname="com.example.OrderServiceTest" time="0.002"/>
  <system-out><![CDATA[]]></system-out>
  <system-err><![CDATA[]]></system-err>
</testsuite>
